#
# A fatal error has been detected by the Java Runtime Environment:
#
#  EXCEPTION_ACCESS_VIOLATION (0xc0000005) at pc=0x00007ffd4a401155, pid=6816, tid=7832
#
# JRE version: OpenJDK Runtime Environment (14.0.2+12) (build 14.0.2+12-46)
# Java VM: OpenJDK 64-Bit Server VM (14.0.2+12-46, mixed mode, tiered, compressed oops, g1 gc, windows-amd64)
# Problematic frame:
# V  [jvm.dll+0x5a1155]
#
# No core dump will be written. Minidumps are not enabled by default on client versions of Windows
#
# If you would like to submit a bug report, please visit:
#   https://bugreport.java.com/bugreport/crash.jsp
#

---------------  S U M M A R Y ------------

Command Line: -XX:+ShowCodeDetailsInExceptionMessages -agentlib:jdwp=transport=dt_socket,suspend=y,address=localhost:56354 -javaagent:C:\Dev\eclipse\configuration\org.eclipse.osgi\406\0\.cp\lib\javaagent-shaded.jar -Dfile.encoding=UTF-8 array.MorningCode

Host: Intel(R) Core(TM) i7-2600 CPU @ 3.40GHz, 8 cores, 15G,  Windows 10 , 64 bit Build 18362 (10.0.18362.1110)
Time: Thu Nov 19 09:31:17 2020 ¢¥eCN©öI¡¾©ö C¡ÍA¨ª¨öA elapsed time: 183 seconds (0d 0h 3m 3s)

---------------  T H R E A D  ---------------

Current thread (0x000001b35ebed800):  VMThread "VM Thread" [stack: 0x00000015f8f00000,0x00000015f9000000] [id=7832]

Stack: [0x00000015f8f00000,0x00000015f9000000],  sp=0x00000015f8fff068,  free space=1020k
Native frames: (J=compiled Java code, j=interpreted, Vv=VM code, C=native code)
V  [jvm.dll+0x5a1155]


siginfo: EXCEPTION_ACCESS_VIOLATION (0xc0000005), reading address 0xffffffffffffffff


Register to memory mapping:

RIP=0x00007ffd4a401155 jvm.dll
RAX=0x00007ffd4a6eca30 jvm.dll
RBX=0x0 is NULL
RCX=0x000001b3603e82b8 is pointing into metadata
RDX=0x000001b33d9eb001 points into unknown readable memory: ab 70 4a fd 7f 00 00
RSP=0x00000015f8fff068 points into unknown readable memory: 2a 20 56 4a fd 7f 00 00
RBP=0x00007ffd4a401150 jvm.dll
RSI=0x000001b33d9eb000 is a thread
RDI=0x0 is NULL
R8 =0x0000000061d93601 is an unknown value
R9 =0x000000007ffe6000 points into unknown readable memory: 48 61 6c 54 00 00 00 00
R10=0x00000000546c6148 is an unknown value
R11=0x00000383fb6dd1e2 is an unknown value
R12=0x00007ffd4a66c720 jvm.dll
R13=0x00007ffd4a8e61d0 jvm.dll
R14=0x000001b35ebc1eb8 points into unknown readable memory: cc 81 51 4e b0 9a 1e 08
R15=0x00000000000003d8 is an unknown value


Registers:
RAX=0x00007ffd4a6eca30, RBX=0x0000000000000000, RCX=0x000001b3603e82b8, RDX=0x000001b33d9eb001
RSP=0x00000015f8fff068, RBP=0x00007ffd4a401150, RSI=0x000001b33d9eb000, RDI=0x0000000000000000
R8 =0x0000000061d93601, R9 =0x000000007ffe6000, R10=0x00000000546c6148, R11=0x00000383fb6dd1e2
R12=0x00007ffd4a66c720, R13=0x00007ffd4a8e61d0, R14=0x000001b35ebc1eb8, R15=0x00000000000003d8
RIP=0x00007ffd4a401155, EFLAGS=0x0000000000010202

Top of Stack: (sp=0x00000015f8fff068)
0x00000015f8fff068:   00007ffd4a56202a 0000000000000000
0x00000015f8fff078:   0000000000000000 0000000000000000
0x00000015f8fff088:   0000000000000000 00000015f8fff120
0x00000015f8fff098:   00007ffd4a5641c0 000001b35f4db1c0
0x00000015f8fff0a8:   0000000000000000 000000000000000e
0x00000015f8fff0b8:   00007ffd4a6c57c0 00000015f8fff120
0x00000015f8fff0c8:   00007ffd4a568077 0000000000000001
0x00000015f8fff0d8:   000001b35ebc1ae0 0000000000000001
0x00000015f8fff0e8:   0000000000000000 00000015f8fff220
0x00000015f8fff0f8:   00007ffd4a5646df 0000000000000001
0x00000015f8fff108:   0000000000000001 00000015f8fff1f8
0x00000015f8fff118:   0000000000000001 00007ffd4a70bde0
0x00000015f8fff128:   00007ffd4a401150 0000000000000000
0x00000015f8fff138:   00007ffd4a400fe5 0000000000000000
0x00000015f8fff148:   0000001500000000 0000000000000001
0x00000015f8fff158:   00007ffd4a56bf54 000001b35ebc1ad0 

Instructions: (pc=0x00007ffd4a401155)
0x00007ffd4a401055:   cc cc cc cc cc cc cc cc cc cc cc 48 89 5c 24 18
0x00007ffd4a401065:   55 48 83 ec 20 48 8b 1d 5f 3f 4b 00 48 85 db 74
0x00007ffd4a401075:   17 48 8b 05 43 3f 4b 00 48 89 83 08 02 00 00 48
0x00007ffd4a401085:   89 1d 35 3f 4b 00 eb 07 48 8b 1d 2c 3f 4b 00 33
0x00007ffd4a401095:   ed 48 89 2d 33 3f 4b 00 48 85 db 74 7e 48 89 74
0x00007ffd4a4010a5:   24 30 48 89 7c 24 38 0f 1f 40 00 48 8b b3 00 02
0x00007ffd4a4010b5:   00 00 48 8b fd 48 2b f3 48 c1 ee 03 48 85 f6 74
0x00007ffd4a4010c5:   1e 66 66 0f 1f 84 00 00 00 00 00 48 8b 0c fb 33
0x00007ffd4a4010d5:   d2 48 8b 01 ff 50 68 48 ff c7 48 3b fe 72 ec 48
0x00007ffd4a4010e5:   8b 8b 08 02 00 00 48 89 ab 08 02 00 00 48 89 9b
0x00007ffd4a4010f5:   00 02 00 00 48 8b 05 c8 3e 4b 00 48 89 83 10 02
0x00007ffd4a401105:   00 00 48 89 1d ba 3e 4b 00 48 8b d9 48 85 c9 75
0x00007ffd4a401115:   9a 48 8b 7c 24 38 48 8b 74 24 30 48 8b 5c 24 40
0x00007ffd4a401125:   48 89 2d 94 3e 4b 00 48 83 c4 20 5d c3 cc cc cc
0x00007ffd4a401135:   cc cc cc cc cc cc cc cc cc cc cc 48 8b 02 48 8b
0x00007ffd4a401145:   ca b2 01 48 ff 60 68 cc cc cc cc 48 8b 01 b2 01
0x00007ffd4a401155:   48 ff 60 68 cc cc cc cc cc cc cc 40 53 48 83 ec
0x00007ffd4a401165:   20 48 8b 15 63 3e 4b 00 48 8b d9 48 85 d2 74 21
0x00007ffd4a401175:   48 8d 82 00 02 00 00 48 39 00 75 72 48 8b 05 38
0x00007ffd4a401185:   3e 4b 00 48 89 82 08 02 00 00 48 89 15 2a 3e 4b
0x00007ffd4a401195:   00 48 8b 15 2b 3e 4b 00 48 85 d2 74 10 48 8b 82
0x00007ffd4a4011a5:   10 02 00 00 48 89 05 18 3e 4b 00 eb 3a 45 33 c0
0x00007ffd4a4011b5:   b9 18 02 00 00 41 8d 50 08 e8 ad 18 b0 ff 48 8b
0x00007ffd4a4011c5:   d0 48 85 c0 74 1f 48 89 80 00 02 00 00 48 c7 80
0x00007ffd4a4011d5:   08 02 00 00 00 00 00 00 48 c7 80 10 02 00 00 00
0x00007ffd4a4011e5:   00 00 00 eb 02 33 d2 48 89 15 dd 3d 4b 00 48 8b
0x00007ffd4a4011f5:   82 00 02 00 00 48 89 18 48 83 82 00 02 00 00 08
0x00007ffd4a401205:   48 83 c4 20 5b c3 cc cc cc cc cc 48 89 4c 24 08
0x00007ffd4a401215:   48 89 54 24 10 4c 89 44 24 18 4c 89 4c 24 20 48
0x00007ffd4a401225:   83 ec 28 4c 8b c1 4c 8d 4c 24 38 48 8d 0d c9 dc
0x00007ffd4a401235:   49 00 ba 01 00 00 00 e8 bf a3 f5 ff 48 83 c4 28
0x00007ffd4a401245:   c3 cc cc cc cc cc cc cc cc cc cc 48 89 5c 24 08 


Stack slot to memory mapping:
stack at sp + 0 slots: 0x00007ffd4a56202a jvm.dll
stack at sp + 1 slots: 0x0 is NULL
stack at sp + 2 slots: 0x0 is NULL
stack at sp + 3 slots: 0x0 is NULL
stack at sp + 4 slots: 0x0 is NULL
stack at sp + 5 slots: 0x00000015f8fff120 points into unknown readable memory: e0 bd 70 4a fd 7f 00 00
stack at sp + 6 slots: 0x00007ffd4a5641c0 jvm.dll
stack at sp + 7 slots: 0x000001b35f4db1c0 points into unknown readable memory: 00 b0 9e 3d b3 01 00 00

VM_Operation (0x00000015f9aff260): RedefineClasses, mode: safepoint, requested by thread 0x000001b35f7ee000


---------------  P R O C E S S  ---------------

Threads class SMR info:
_java_thread_list=0x000001b35f9c4bf0, length=14, elements={
0x000001b33d9eb000, 0x000001b35f4c1800, 0x000001b35f4ca000, 0x000001b35f4ea000,
0x000001b35f516800, 0x000001b35f517000, 0x000001b35f51a000, 0x000001b35f51b000,
0x000001b35f541000, 0x000001b35f470800, 0x000001b35f7ee000, 0x000001b35f79c800,
0x000001b35f8f2800, 0x000001b35f9fc000
}

Java Threads: ( => current thread )
  0x000001b33d9eb000 JavaThread "main" [_thread_blocked, id=1616, stack(0x00000015f8900000,0x00000015f8a00000)]
  0x000001b35f4c1800 JavaThread "Reference Handler" daemon [_thread_blocked, id=7044, stack(0x00000015f9000000,0x00000015f9100000)]
  0x000001b35f4ca000 JavaThread "Finalizer" daemon [_thread_blocked, id=3832, stack(0x00000015f9100000,0x00000015f9200000)]
  0x000001b35f4ea000 JavaThread "Signal Dispatcher" daemon [_thread_blocked, id=9664, stack(0x00000015f9200000,0x00000015f9300000)]
  0x000001b35f516800 JavaThread "Attach Listener" daemon [_thread_blocked, id=8752, stack(0x00000015f9300000,0x00000015f9400000)]
  0x000001b35f517000 JavaThread "Service Thread" daemon [_thread_blocked, id=5516, stack(0x00000015f9400000,0x00000015f9500000)]
  0x000001b35f51a000 JavaThread "C2 CompilerThread0" daemon [_thread_blocked, id=4396, stack(0x00000015f9500000,0x00000015f9600000)]
  0x000001b35f51b000 JavaThread "C1 CompilerThread0" daemon [_thread_blocked, id=1856, stack(0x00000015f9600000,0x00000015f9700000)]
  0x000001b35f541000 JavaThread "Sweeper thread" daemon [_thread_blocked, id=9200, stack(0x00000015f9700000,0x00000015f9800000)]
  0x000001b35f470800 JavaThread "Common-Cleaner" daemon [_thread_blocked, id=9560, stack(0x00000015f9800000,0x00000015f9900000)]
  0x000001b35f7ee000 JavaThread "JDWP Transport Listener: dt_socket" daemon [_thread_blocked, id=8628, stack(0x00000015f9a00000,0x00000015f9b00000)]
  0x000001b35f79c800 JavaThread "JDWP Event Helper Thread" daemon [_thread_blocked, id=8680, stack(0x00000015f9b00000,0x00000015f9c00000)]
  0x000001b35f8f2800 JavaThread "JDWP Command Reader" daemon [_thread_in_native, id=8516, stack(0x00000015f9c00000,0x00000015f9d00000)]
  0x000001b35f9fc000 JavaThread "Notification Thread" daemon [_thread_blocked, id=8988, stack(0x00000015f9900000,0x00000015f9a00000)]

Other Threads:
=>0x000001b35ebed800 VMThread "VM Thread" [stack: 0x00000015f8f00000,0x00000015f9000000] [id=7832]
  0x000001b35fa1e800 WatcherThread [stack: 0x00000015f9d00000,0x00000015f9e00000] [id=8372]
  0x000001b33da55000 GCTaskThread "GC Thread#0" [stack: 0x00000015f8a00000,0x00000015f8b00000] [id=5980]
  0x000001b33da78000 ConcurrentGCThread "G1 Main Marker" [stack: 0x00000015f8b00000,0x00000015f8c00000] [id=9692]
  0x000001b33da79800 ConcurrentGCThread "G1 Conc#0" [stack: 0x00000015f8c00000,0x00000015f8d00000] [id=10188]
  0x000001b35eac7000 ConcurrentGCThread "G1 Refine#0" [stack: 0x00000015f8d00000,0x00000015f8e00000] [id=9832]
  0x000001b35eaca000 ConcurrentGCThread "G1 Young RemSet Sampling" [stack: 0x00000015f8e00000,0x00000015f8f00000] [id=5088]

Threads with active compile tasks:
C1 CompilerThread0   183729  399       3       org.eclipse.jdt.launching.internal.org.objectweb.asm.Symbol::<init> (38 bytes)

VM state:at safepoint (normal execution)

VM Mutex/Monitor currently owned by a thread:  ([mutex/lock_event])
[0x000001b33d9dddb0] Threads_lock - owner thread: 0x000001b35ebed800

Heap address: 0x0000000701600000, size: 4074 MB, Compressed Oops mode: Zero based, Oop shift amount: 3
Narrow klass base: 0x0000000800000000, Narrow klass shift: 0
Compressed class space size: 1073741824 Address: 0x0000000800000000

Heap:
 garbage-first heap   total 262144K, used 4096K [0x0000000701600000, 0x0000000800000000)
  region size 1024K, 5 young (5120K), 0 survivors (0K)
 Metaspace       used 9069K, capacity 9160K, committed 9344K, reserved 1058816K
  class space    used 802K, capacity 836K, committed 896K, reserved 1048576K
Heap Regions: E=young(eden), S=young(survivor), O=old, HS=humongous(starts), HC=humongous(continues), CS=collection set, F=free, OA=open archive, CA=closed archive, TAMS=top-at-mark-start (previous, next)
|   0|0x0000000701600000, 0x0000000701600000, 0x0000000701700000|  0%| F|  |TAMS 0x0000000701600000, 0x0000000701600000| Untracked 
|   1|0x0000000701700000, 0x0000000701700000, 0x0000000701800000|  0%| F|  |TAMS 0x0000000701700000, 0x0000000701700000| Untracked 
|   2|0x0000000701800000, 0x0000000701800000, 0x0000000701900000|  0%| F|  |TAMS 0x0000000701800000, 0x0000000701800000| Untracked 
|   3|0x0000000701900000, 0x0000000701900000, 0x0000000701a00000|  0%| F|  |TAMS 0x0000000701900000, 0x0000000701900000| Untracked 
|   4|0x0000000701a00000, 0x0000000701a00000, 0x0000000701b00000|  0%| F|  |TAMS 0x0000000701a00000, 0x0000000701a00000| Untracked 
|   5|0x0000000701b00000, 0x0000000701b00000, 0x0000000701c00000|  0%| F|  |TAMS 0x0000000701b00000, 0x0000000701b00000| Untracked 
|   6|0x0000000701c00000, 0x0000000701c00000, 0x0000000701d00000|  0%| F|  |TAMS 0x0000000701c00000, 0x0000000701c00000| Untracked 
|   7|0x0000000701d00000, 0x0000000701d00000, 0x0000000701e00000|  0%| F|  |TAMS 0x0000000701d00000, 0x0000000701d00000| Untracked 
|   8|0x0000000701e00000, 0x0000000701e00000, 0x0000000701f00000|  0%| F|  |TAMS 0x0000000701e00000, 0x0000000701e00000| Untracked 
|   9|0x0000000701f00000, 0x0000000701f00000, 0x0000000702000000|  0%| F|  |TAMS 0x0000000701f00000, 0x0000000701f00000| Untracked 
|  10|0x0000000702000000, 0x0000000702000000, 0x0000000702100000|  0%| F|  |TAMS 0x0000000702000000, 0x0000000702000000| Untracked 
|  11|0x0000000702100000, 0x0000000702100000, 0x0000000702200000|  0%| F|  |TAMS 0x0000000702100000, 0x0000000702100000| Untracked 
|  12|0x0000000702200000, 0x0000000702200000, 0x0000000702300000|  0%| F|  |TAMS 0x0000000702200000, 0x0000000702200000| Untracked 
|  13|0x0000000702300000, 0x0000000702300000, 0x0000000702400000|  0%| F|  |TAMS 0x0000000702300000, 0x0000000702300000| Untracked 
|  14|0x0000000702400000, 0x0000000702400000, 0x0000000702500000|  0%| F|  |TAMS 0x0000000702400000, 0x0000000702400000| Untracked 
|  15|0x0000000702500000, 0x0000000702500000, 0x0000000702600000|  0%| F|  |TAMS 0x0000000702500000, 0x0000000702500000| Untracked 
|  16|0x0000000702600000, 0x0000000702600000, 0x0000000702700000|  0%| F|  |TAMS 0x0000000702600000, 0x0000000702600000| Untracked 
|  17|0x0000000702700000, 0x0000000702700000, 0x0000000702800000|  0%| F|  |TAMS 0x0000000702700000, 0x0000000702700000| Untracked 
|  18|0x0000000702800000, 0x0000000702800000, 0x0000000702900000|  0%| F|  |TAMS 0x0000000702800000, 0x0000000702800000| Untracked 
|  19|0x0000000702900000, 0x0000000702900000, 0x0000000702a00000|  0%| F|  |TAMS 0x0000000702900000, 0x0000000702900000| Untracked 
|  20|0x0000000702a00000, 0x0000000702a00000, 0x0000000702b00000|  0%| F|  |TAMS 0x0000000702a00000, 0x0000000702a00000| Untracked 
|  21|0x0000000702b00000, 0x0000000702b00000, 0x0000000702c00000|  0%| F|  |TAMS 0x0000000702b00000, 0x0000000702b00000| Untracked 
|  22|0x0000000702c00000, 0x0000000702c00000, 0x0000000702d00000|  0%| F|  |TAMS 0x0000000702c00000, 0x0000000702c00000| Untracked 
|  23|0x0000000702d00000, 0x0000000702d00000, 0x0000000702e00000|  0%| F|  |TAMS 0x0000000702d00000, 0x0000000702d00000| Untracked 
|  24|0x0000000702e00000, 0x0000000702e00000, 0x0000000702f00000|  0%| F|  |TAMS 0x0000000702e00000, 0x0000000702e00000| Untracked 
|  25|0x0000000702f00000, 0x0000000702f00000, 0x0000000703000000|  0%| F|  |TAMS 0x0000000702f00000, 0x0000000702f00000| Untracked 
|  26|0x0000000703000000, 0x0000000703000000, 0x0000000703100000|  0%| F|  |TAMS 0x0000000703000000, 0x0000000703000000| Untracked 
|  27|0x0000000703100000, 0x0000000703100000, 0x0000000703200000|  0%| F|  |TAMS 0x0000000703100000, 0x0000000703100000| Untracked 
|  28|0x0000000703200000, 0x0000000703200000, 0x0000000703300000|  0%| F|  |TAMS 0x0000000703200000, 0x0000000703200000| Untracked 
|  29|0x0000000703300000, 0x0000000703300000, 0x0000000703400000|  0%| F|  |TAMS 0x0000000703300000, 0x0000000703300000| Untracked 
|  30|0x0000000703400000, 0x0000000703400000, 0x0000000703500000|  0%| F|  |TAMS 0x0000000703400000, 0x0000000703400000| Untracked 
|  31|0x0000000703500000, 0x0000000703500000, 0x0000000703600000|  0%| F|  |TAMS 0x0000000703500000, 0x0000000703500000| Untracked 
|  32|0x0000000703600000, 0x0000000703600000, 0x0000000703700000|  0%| F|  |TAMS 0x0000000703600000, 0x0000000703600000| Untracked 
|  33|0x0000000703700000, 0x0000000703700000, 0x0000000703800000|  0%| F|  |TAMS 0x0000000703700000, 0x0000000703700000| Untracked 
|  34|0x0000000703800000, 0x0000000703800000, 0x0000000703900000|  0%| F|  |TAMS 0x0000000703800000, 0x0000000703800000| Untracked 
|  35|0x0000000703900000, 0x0000000703900000, 0x0000000703a00000|  0%| F|  |TAMS 0x0000000703900000, 0x0000000703900000| Untracked 
|  36|0x0000000703a00000, 0x0000000703a00000, 0x0000000703b00000|  0%| F|  |TAMS 0x0000000703a00000, 0x0000000703a00000| Untracked 
|  37|0x0000000703b00000, 0x0000000703b00000, 0x0000000703c00000|  0%| F|  |TAMS 0x0000000703b00000, 0x0000000703b00000| Untracked 
|  38|0x0000000703c00000, 0x0000000703c00000, 0x0000000703d00000|  0%| F|  |TAMS 0x0000000703c00000, 0x0000000703c00000| Untracked 
|  39|0x0000000703d00000, 0x0000000703d00000, 0x0000000703e00000|  0%| F|  |TAMS 0x0000000703d00000, 0x0000000703d00000| Untracked 
|  40|0x0000000703e00000, 0x0000000703e00000, 0x0000000703f00000|  0%| F|  |TAMS 0x0000000703e00000, 0x0000000703e00000| Untracked 
|  41|0x0000000703f00000, 0x0000000703f00000, 0x0000000704000000|  0%| F|  |TAMS 0x0000000703f00000, 0x0000000703f00000| Untracked 
|  42|0x0000000704000000, 0x0000000704000000, 0x0000000704100000|  0%| F|  |TAMS 0x0000000704000000, 0x0000000704000000| Untracked 
|  43|0x0000000704100000, 0x0000000704100000, 0x0000000704200000|  0%| F|  |TAMS 0x0000000704100000, 0x0000000704100000| Untracked 
|  44|0x0000000704200000, 0x0000000704200000, 0x0000000704300000|  0%| F|  |TAMS 0x0000000704200000, 0x0000000704200000| Untracked 
|  45|0x0000000704300000, 0x0000000704300000, 0x0000000704400000|  0%| F|  |TAMS 0x0000000704300000, 0x0000000704300000| Untracked 
|  46|0x0000000704400000, 0x0000000704400000, 0x0000000704500000|  0%| F|  |TAMS 0x0000000704400000, 0x0000000704400000| Untracked 
|  47|0x0000000704500000, 0x0000000704500000, 0x0000000704600000|  0%| F|  |TAMS 0x0000000704500000, 0x0000000704500000| Untracked 
|  48|0x0000000704600000, 0x0000000704600000, 0x0000000704700000|  0%| F|  |TAMS 0x0000000704600000, 0x0000000704600000| Untracked 
|  49|0x0000000704700000, 0x0000000704700000, 0x0000000704800000|  0%| F|  |TAMS 0x0000000704700000, 0x0000000704700000| Untracked 
|  50|0x0000000704800000, 0x0000000704800000, 0x0000000704900000|  0%| F|  |TAMS 0x0000000704800000, 0x0000000704800000| Untracked 
|  51|0x0000000704900000, 0x0000000704900000, 0x0000000704a00000|  0%| F|  |TAMS 0x0000000704900000, 0x0000000704900000| Untracked 
|  52|0x0000000704a00000, 0x0000000704a00000, 0x0000000704b00000|  0%| F|  |TAMS 0x0000000704a00000, 0x0000000704a00000| Untracked 
|  53|0x0000000704b00000, 0x0000000704b00000, 0x0000000704c00000|  0%| F|  |TAMS 0x0000000704b00000, 0x0000000704b00000| Untracked 
|  54|0x0000000704c00000, 0x0000000704c00000, 0x0000000704d00000|  0%| F|  |TAMS 0x0000000704c00000, 0x0000000704c00000| Untracked 
|  55|0x0000000704d00000, 0x0000000704d00000, 0x0000000704e00000|  0%| F|  |TAMS 0x0000000704d00000, 0x0000000704d00000| Untracked 
|  56|0x0000000704e00000, 0x0000000704e00000, 0x0000000704f00000|  0%| F|  |TAMS 0x0000000704e00000, 0x0000000704e00000| Untracked 
|  57|0x0000000704f00000, 0x0000000704f00000, 0x0000000705000000|  0%| F|  |TAMS 0x0000000704f00000, 0x0000000704f00000| Untracked 
|  58|0x0000000705000000, 0x0000000705000000, 0x0000000705100000|  0%| F|  |TAMS 0x0000000705000000, 0x0000000705000000| Untracked 
|  59|0x0000000705100000, 0x0000000705100000, 0x0000000705200000|  0%| F|  |TAMS 0x0000000705100000, 0x0000000705100000| Untracked 
|  60|0x0000000705200000, 0x0000000705200000, 0x0000000705300000|  0%| F|  |TAMS 0x0000000705200000, 0x0000000705200000| Untracked 
|  61|0x0000000705300000, 0x0000000705300000, 0x0000000705400000|  0%| F|  |TAMS 0x0000000705300000, 0x0000000705300000| Untracked 
|  62|0x0000000705400000, 0x0000000705400000, 0x0000000705500000|  0%| F|  |TAMS 0x0000000705400000, 0x0000000705400000| Untracked 
|  63|0x0000000705500000, 0x0000000705500000, 0x0000000705600000|  0%| F|  |TAMS 0x0000000705500000, 0x0000000705500000| Untracked 
|  64|0x0000000705600000, 0x0000000705600000, 0x0000000705700000|  0%| F|  |TAMS 0x0000000705600000, 0x0000000705600000| Untracked 
|  65|0x0000000705700000, 0x0000000705700000, 0x0000000705800000|  0%| F|  |TAMS 0x0000000705700000, 0x0000000705700000| Untracked 
|  66|0x0000000705800000, 0x0000000705800000, 0x0000000705900000|  0%| F|  |TAMS 0x0000000705800000, 0x0000000705800000| Untracked 
|  67|0x0000000705900000, 0x0000000705900000, 0x0000000705a00000|  0%| F|  |TAMS 0x0000000705900000, 0x0000000705900000| Untracked 
|  68|0x0000000705a00000, 0x0000000705a00000, 0x0000000705b00000|  0%| F|  |TAMS 0x0000000705a00000, 0x0000000705a00000| Untracked 
|  69|0x0000000705b00000, 0x0000000705b00000, 0x0000000705c00000|  0%| F|  |TAMS 0x0000000705b00000, 0x0000000705b00000| Untracked 
|  70|0x0000000705c00000, 0x0000000705c00000, 0x0000000705d00000|  0%| F|  |TAMS 0x0000000705c00000, 0x0000000705c00000| Untracked 
|  71|0x0000000705d00000, 0x0000000705d00000, 0x0000000705e00000|  0%| F|  |TAMS 0x0000000705d00000, 0x0000000705d00000| Untracked 
|  72|0x0000000705e00000, 0x0000000705e00000, 0x0000000705f00000|  0%| F|  |TAMS 0x0000000705e00000, 0x0000000705e00000| Untracked 
|  73|0x0000000705f00000, 0x0000000705f00000, 0x0000000706000000|  0%| F|  |TAMS 0x0000000705f00000, 0x0000000705f00000| Untracked 
|  74|0x0000000706000000, 0x0000000706000000, 0x0000000706100000|  0%| F|  |TAMS 0x0000000706000000, 0x0000000706000000| Untracked 
|  75|0x0000000706100000, 0x0000000706100000, 0x0000000706200000|  0%| F|  |TAMS 0x0000000706100000, 0x0000000706100000| Untracked 
|  76|0x0000000706200000, 0x0000000706200000, 0x0000000706300000|  0%| F|  |TAMS 0x0000000706200000, 0x0000000706200000| Untracked 
|  77|0x0000000706300000, 0x0000000706300000, 0x0000000706400000|  0%| F|  |TAMS 0x0000000706300000, 0x0000000706300000| Untracked 
|  78|0x0000000706400000, 0x0000000706400000, 0x0000000706500000|  0%| F|  |TAMS 0x0000000706400000, 0x0000000706400000| Untracked 
|  79|0x0000000706500000, 0x0000000706500000, 0x0000000706600000|  0%| F|  |TAMS 0x0000000706500000, 0x0000000706500000| Untracked 
|  80|0x0000000706600000, 0x0000000706600000, 0x0000000706700000|  0%| F|  |TAMS 0x0000000706600000, 0x0000000706600000| Untracked 
|  81|0x0000000706700000, 0x0000000706700000, 0x0000000706800000|  0%| F|  |TAMS 0x0000000706700000, 0x0000000706700000| Untracked 
|  82|0x0000000706800000, 0x0000000706800000, 0x0000000706900000|  0%| F|  |TAMS 0x0000000706800000, 0x0000000706800000| Untracked 
|  83|0x0000000706900000, 0x0000000706900000, 0x0000000706a00000|  0%| F|  |TAMS 0x0000000706900000, 0x0000000706900000| Untracked 
|  84|0x0000000706a00000, 0x0000000706a00000, 0x0000000706b00000|  0%| F|  |TAMS 0x0000000706a00000, 0x0000000706a00000| Untracked 
|  85|0x0000000706b00000, 0x0000000706b00000, 0x0000000706c00000|  0%| F|  |TAMS 0x0000000706b00000, 0x0000000706b00000| Untracked 
|  86|0x0000000706c00000, 0x0000000706c00000, 0x0000000706d00000|  0%| F|  |TAMS 0x0000000706c00000, 0x0000000706c00000| Untracked 
|  87|0x0000000706d00000, 0x0000000706d00000, 0x0000000706e00000|  0%| F|  |TAMS 0x0000000706d00000, 0x0000000706d00000| Untracked 
|  88|0x0000000706e00000, 0x0000000706e00000, 0x0000000706f00000|  0%| F|  |TAMS 0x0000000706e00000, 0x0000000706e00000| Untracked 
|  89|0x0000000706f00000, 0x0000000706f00000, 0x0000000707000000|  0%| F|  |TAMS 0x0000000706f00000, 0x0000000706f00000| Untracked 
|  90|0x0000000707000000, 0x0000000707000000, 0x0000000707100000|  0%| F|  |TAMS 0x0000000707000000, 0x0000000707000000| Untracked 
|  91|0x0000000707100000, 0x0000000707100000, 0x0000000707200000|  0%| F|  |TAMS 0x0000000707100000, 0x0000000707100000| Untracked 
|  92|0x0000000707200000, 0x0000000707200000, 0x0000000707300000|  0%| F|  |TAMS 0x0000000707200000, 0x0000000707200000| Untracked 
|  93|0x0000000707300000, 0x0000000707300000, 0x0000000707400000|  0%| F|  |TAMS 0x0000000707300000, 0x0000000707300000| Untracked 
|  94|0x0000000707400000, 0x0000000707400000, 0x0000000707500000|  0%| F|  |TAMS 0x0000000707400000, 0x0000000707400000| Untracked 
|  95|0x0000000707500000, 0x0000000707500000, 0x0000000707600000|  0%| F|  |TAMS 0x0000000707500000, 0x0000000707500000| Untracked 
|  96|0x0000000707600000, 0x0000000707600000, 0x0000000707700000|  0%| F|  |TAMS 0x0000000707600000, 0x0000000707600000| Untracked 
|  97|0x0000000707700000, 0x0000000707700000, 0x0000000707800000|  0%| F|  |TAMS 0x0000000707700000, 0x0000000707700000| Untracked 
|  98|0x0000000707800000, 0x0000000707800000, 0x0000000707900000|  0%| F|  |TAMS 0x0000000707800000, 0x0000000707800000| Untracked 
|  99|0x0000000707900000, 0x0000000707900000, 0x0000000707a00000|  0%| F|  |TAMS 0x0000000707900000, 0x0000000707900000| Untracked 
| 100|0x0000000707a00000, 0x0000000707a00000, 0x0000000707b00000|  0%| F|  |TAMS 0x0000000707a00000, 0x0000000707a00000| Untracked 
| 101|0x0000000707b00000, 0x0000000707b00000, 0x0000000707c00000|  0%| F|  |TAMS 0x0000000707b00000, 0x0000000707b00000| Untracked 
| 102|0x0000000707c00000, 0x0000000707c00000, 0x0000000707d00000|  0%| F|  |TAMS 0x0000000707c00000, 0x0000000707c00000| Untracked 
| 103|0x0000000707d00000, 0x0000000707d00000, 0x0000000707e00000|  0%| F|  |TAMS 0x0000000707d00000, 0x0000000707d00000| Untracked 
| 104|0x0000000707e00000, 0x0000000707e00000, 0x0000000707f00000|  0%| F|  |TAMS 0x0000000707e00000, 0x0000000707e00000| Untracked 
| 105|0x0000000707f00000, 0x0000000707f00000, 0x0000000708000000|  0%| F|  |TAMS 0x0000000707f00000, 0x0000000707f00000| Untracked 
| 106|0x0000000708000000, 0x0000000708000000, 0x0000000708100000|  0%| F|  |TAMS 0x0000000708000000, 0x0000000708000000| Untracked 
| 107|0x0000000708100000, 0x0000000708100000, 0x0000000708200000|  0%| F|  |TAMS 0x0000000708100000, 0x0000000708100000| Untracked 
| 108|0x0000000708200000, 0x0000000708200000, 0x0000000708300000|  0%| F|  |TAMS 0x0000000708200000, 0x0000000708200000| Untracked 
| 109|0x0000000708300000, 0x0000000708300000, 0x0000000708400000|  0%| F|  |TAMS 0x0000000708300000, 0x0000000708300000| Untracked 
| 110|0x0000000708400000, 0x0000000708400000, 0x0000000708500000|  0%| F|  |TAMS 0x0000000708400000, 0x0000000708400000| Untracked 
| 111|0x0000000708500000, 0x0000000708500000, 0x0000000708600000|  0%| F|  |TAMS 0x0000000708500000, 0x0000000708500000| Untracked 
| 112|0x0000000708600000, 0x0000000708600000, 0x0000000708700000|  0%| F|  |TAMS 0x0000000708600000, 0x0000000708600000| Untracked 
| 113|0x0000000708700000, 0x0000000708700000, 0x0000000708800000|  0%| F|  |TAMS 0x0000000708700000, 0x0000000708700000| Untracked 
| 114|0x0000000708800000, 0x0000000708800000, 0x0000000708900000|  0%| F|  |TAMS 0x0000000708800000, 0x0000000708800000| Untracked 
| 115|0x0000000708900000, 0x0000000708900000, 0x0000000708a00000|  0%| F|  |TAMS 0x0000000708900000, 0x0000000708900000| Untracked 
| 116|0x0000000708a00000, 0x0000000708a00000, 0x0000000708b00000|  0%| F|  |TAMS 0x0000000708a00000, 0x0000000708a00000| Untracked 
| 117|0x0000000708b00000, 0x0000000708b00000, 0x0000000708c00000|  0%| F|  |TAMS 0x0000000708b00000, 0x0000000708b00000| Untracked 
| 118|0x0000000708c00000, 0x0000000708c00000, 0x0000000708d00000|  0%| F|  |TAMS 0x0000000708c00000, 0x0000000708c00000| Untracked 
| 119|0x0000000708d00000, 0x0000000708d00000, 0x0000000708e00000|  0%| F|  |TAMS 0x0000000708d00000, 0x0000000708d00000| Untracked 
| 120|0x0000000708e00000, 0x0000000708e00000, 0x0000000708f00000|  0%| F|  |TAMS 0x0000000708e00000, 0x0000000708e00000| Untracked 
| 121|0x0000000708f00000, 0x0000000708f00000, 0x0000000709000000|  0%| F|  |TAMS 0x0000000708f00000, 0x0000000708f00000| Untracked 
| 122|0x0000000709000000, 0x0000000709000000, 0x0000000709100000|  0%| F|  |TAMS 0x0000000709000000, 0x0000000709000000| Untracked 
| 123|0x0000000709100000, 0x0000000709100000, 0x0000000709200000|  0%| F|  |TAMS 0x0000000709100000, 0x0000000709100000| Untracked 
| 124|0x0000000709200000, 0x0000000709200000, 0x0000000709300000|  0%| F|  |TAMS 0x0000000709200000, 0x0000000709200000| Untracked 
| 125|0x0000000709300000, 0x0000000709300000, 0x0000000709400000|  0%| F|  |TAMS 0x0000000709300000, 0x0000000709300000| Untracked 
| 126|0x0000000709400000, 0x0000000709400000, 0x0000000709500000|  0%| F|  |TAMS 0x0000000709400000, 0x0000000709400000| Untracked 
| 127|0x0000000709500000, 0x0000000709500000, 0x0000000709600000|  0%| F|  |TAMS 0x0000000709500000, 0x0000000709500000| Untracked 
| 128|0x0000000709600000, 0x0000000709600000, 0x0000000709700000|  0%| F|  |TAMS 0x0000000709600000, 0x0000000709600000| Untracked 
| 129|0x0000000709700000, 0x0000000709700000, 0x0000000709800000|  0%| F|  |TAMS 0x0000000709700000, 0x0000000709700000| Untracked 
| 130|0x0000000709800000, 0x0000000709800000, 0x0000000709900000|  0%| F|  |TAMS 0x0000000709800000, 0x0000000709800000| Untracked 
| 131|0x0000000709900000, 0x0000000709900000, 0x0000000709a00000|  0%| F|  |TAMS 0x0000000709900000, 0x0000000709900000| Untracked 
| 132|0x0000000709a00000, 0x0000000709a00000, 0x0000000709b00000|  0%| F|  |TAMS 0x0000000709a00000, 0x0000000709a00000| Untracked 
| 133|0x0000000709b00000, 0x0000000709b00000, 0x0000000709c00000|  0%| F|  |TAMS 0x0000000709b00000, 0x0000000709b00000| Untracked 
| 134|0x0000000709c00000, 0x0000000709c00000, 0x0000000709d00000|  0%| F|  |TAMS 0x0000000709c00000, 0x0000000709c00000| Untracked 
| 135|0x0000000709d00000, 0x0000000709d00000, 0x0000000709e00000|  0%| F|  |TAMS 0x0000000709d00000, 0x0000000709d00000| Untracked 
| 136|0x0000000709e00000, 0x0000000709e00000, 0x0000000709f00000|  0%| F|  |TAMS 0x0000000709e00000, 0x0000000709e00000| Untracked 
| 137|0x0000000709f00000, 0x0000000709f00000, 0x000000070a000000|  0%| F|  |TAMS 0x0000000709f00000, 0x0000000709f00000| Untracked 
| 138|0x000000070a000000, 0x000000070a000000, 0x000000070a100000|  0%| F|  |TAMS 0x000000070a000000, 0x000000070a000000| Untracked 
| 139|0x000000070a100000, 0x000000070a100000, 0x000000070a200000|  0%| F|  |TAMS 0x000000070a100000, 0x000000070a100000| Untracked 
| 140|0x000000070a200000, 0x000000070a200000, 0x000000070a300000|  0%| F|  |TAMS 0x000000070a200000, 0x000000070a200000| Untracked 
| 141|0x000000070a300000, 0x000000070a300000, 0x000000070a400000|  0%| F|  |TAMS 0x000000070a300000, 0x000000070a300000| Untracked 
| 142|0x000000070a400000, 0x000000070a400000, 0x000000070a500000|  0%| F|  |TAMS 0x000000070a400000, 0x000000070a400000| Untracked 
| 143|0x000000070a500000, 0x000000070a500000, 0x000000070a600000|  0%| F|  |TAMS 0x000000070a500000, 0x000000070a500000| Untracked 
| 144|0x000000070a600000, 0x000000070a600000, 0x000000070a700000|  0%| F|  |TAMS 0x000000070a600000, 0x000000070a600000| Untracked 
| 145|0x000000070a700000, 0x000000070a700000, 0x000000070a800000|  0%| F|  |TAMS 0x000000070a700000, 0x000000070a700000| Untracked 
| 146|0x000000070a800000, 0x000000070a800000, 0x000000070a900000|  0%| F|  |TAMS 0x000000070a800000, 0x000000070a800000| Untracked 
| 147|0x000000070a900000, 0x000000070a900000, 0x000000070aa00000|  0%| F|  |TAMS 0x000000070a900000, 0x000000070a900000| Untracked 
| 148|0x000000070aa00000, 0x000000070aa00000, 0x000000070ab00000|  0%| F|  |TAMS 0x000000070aa00000, 0x000000070aa00000| Untracked 
| 149|0x000000070ab00000, 0x000000070ab00000, 0x000000070ac00000|  0%| F|  |TAMS 0x000000070ab00000, 0x000000070ab00000| Untracked 
| 150|0x000000070ac00000, 0x000000070ac00000, 0x000000070ad00000|  0%| F|  |TAMS 0x000000070ac00000, 0x000000070ac00000| Untracked 
| 151|0x000000070ad00000, 0x000000070ad00000, 0x000000070ae00000|  0%| F|  |TAMS 0x000000070ad00000, 0x000000070ad00000| Untracked 
| 152|0x000000070ae00000, 0x000000070ae00000, 0x000000070af00000|  0%| F|  |TAMS 0x000000070ae00000, 0x000000070ae00000| Untracked 
| 153|0x000000070af00000, 0x000000070af00000, 0x000000070b000000|  0%| F|  |TAMS 0x000000070af00000, 0x000000070af00000| Untracked 
| 154|0x000000070b000000, 0x000000070b000000, 0x000000070b100000|  0%| F|  |TAMS 0x000000070b000000, 0x000000070b000000| Untracked 
| 155|0x000000070b100000, 0x000000070b100000, 0x000000070b200000|  0%| F|  |TAMS 0x000000070b100000, 0x000000070b100000| Untracked 
| 156|0x000000070b200000, 0x000000070b200000, 0x000000070b300000|  0%| F|  |TAMS 0x000000070b200000, 0x000000070b200000| Untracked 
| 157|0x000000070b300000, 0x000000070b300000, 0x000000070b400000|  0%| F|  |TAMS 0x000000070b300000, 0x000000070b300000| Untracked 
| 158|0x000000070b400000, 0x000000070b400000, 0x000000070b500000|  0%| F|  |TAMS 0x000000070b400000, 0x000000070b400000| Untracked 
| 159|0x000000070b500000, 0x000000070b500000, 0x000000070b600000|  0%| F|  |TAMS 0x000000070b500000, 0x000000070b500000| Untracked 
| 160|0x000000070b600000, 0x000000070b600000, 0x000000070b700000|  0%| F|  |TAMS 0x000000070b600000, 0x000000070b600000| Untracked 
| 161|0x000000070b700000, 0x000000070b700000, 0x000000070b800000|  0%| F|  |TAMS 0x000000070b700000, 0x000000070b700000| Untracked 
| 162|0x000000070b800000, 0x000000070b800000, 0x000000070b900000|  0%| F|  |TAMS 0x000000070b800000, 0x000000070b800000| Untracked 
| 163|0x000000070b900000, 0x000000070b900000, 0x000000070ba00000|  0%| F|  |TAMS 0x000000070b900000, 0x000000070b900000| Untracked 
| 164|0x000000070ba00000, 0x000000070ba00000, 0x000000070bb00000|  0%| F|  |TAMS 0x000000070ba00000, 0x000000070ba00000| Untracked 
| 165|0x000000070bb00000, 0x000000070bb00000, 0x000000070bc00000|  0%| F|  |TAMS 0x000000070bb00000, 0x000000070bb00000| Untracked 
| 166|0x000000070bc00000, 0x000000070bc00000, 0x000000070bd00000|  0%| F|  |TAMS 0x000000070bc00000, 0x000000070bc00000| Untracked 
| 167|0x000000070bd00000, 0x000000070bd00000, 0x000000070be00000|  0%| F|  |TAMS 0x000000070bd00000, 0x000000070bd00000| Untracked 
| 168|0x000000070be00000, 0x000000070be00000, 0x000000070bf00000|  0%| F|  |TAMS 0x000000070be00000, 0x000000070be00000| Untracked 
| 169|0x000000070bf00000, 0x000000070bf00000, 0x000000070c000000|  0%| F|  |TAMS 0x000000070bf00000, 0x000000070bf00000| Untracked 
| 170|0x000000070c000000, 0x000000070c000000, 0x000000070c100000|  0%| F|  |TAMS 0x000000070c000000, 0x000000070c000000| Untracked 
| 171|0x000000070c100000, 0x000000070c100000, 0x000000070c200000|  0%| F|  |TAMS 0x000000070c100000, 0x000000070c100000| Untracked 
| 172|0x000000070c200000, 0x000000070c200000, 0x000000070c300000|  0%| F|  |TAMS 0x000000070c200000, 0x000000070c200000| Untracked 
| 173|0x000000070c300000, 0x000000070c300000, 0x000000070c400000|  0%| F|  |TAMS 0x000000070c300000, 0x000000070c300000| Untracked 
| 174|0x000000070c400000, 0x000000070c400000, 0x000000070c500000|  0%| F|  |TAMS 0x000000070c400000, 0x000000070c400000| Untracked 
| 175|0x000000070c500000, 0x000000070c500000, 0x000000070c600000|  0%| F|  |TAMS 0x000000070c500000, 0x000000070c500000| Untracked 
| 176|0x000000070c600000, 0x000000070c600000, 0x000000070c700000|  0%| F|  |TAMS 0x000000070c600000, 0x000000070c600000| Untracked 
| 177|0x000000070c700000, 0x000000070c700000, 0x000000070c800000|  0%| F|  |TAMS 0x000000070c700000, 0x000000070c700000| Untracked 
| 178|0x000000070c800000, 0x000000070c800000, 0x000000070c900000|  0%| F|  |TAMS 0x000000070c800000, 0x000000070c800000| Untracked 
| 179|0x000000070c900000, 0x000000070c900000, 0x000000070ca00000|  0%| F|  |TAMS 0x000000070c900000, 0x000000070c900000| Untracked 
| 180|0x000000070ca00000, 0x000000070ca00000, 0x000000070cb00000|  0%| F|  |TAMS 0x000000070ca00000, 0x000000070ca00000| Untracked 
| 181|0x000000070cb00000, 0x000000070cb00000, 0x000000070cc00000|  0%| F|  |TAMS 0x000000070cb00000, 0x000000070cb00000| Untracked 
| 182|0x000000070cc00000, 0x000000070cc00000, 0x000000070cd00000|  0%| F|  |TAMS 0x000000070cc00000, 0x000000070cc00000| Untracked 
| 183|0x000000070cd00000, 0x000000070cd00000, 0x000000070ce00000|  0%| F|  |TAMS 0x000000070cd00000, 0x000000070cd00000| Untracked 
| 184|0x000000070ce00000, 0x000000070ce00000, 0x000000070cf00000|  0%| F|  |TAMS 0x000000070ce00000, 0x000000070ce00000| Untracked 
| 185|0x000000070cf00000, 0x000000070cf00000, 0x000000070d000000|  0%| F|  |TAMS 0x000000070cf00000, 0x000000070cf00000| Untracked 
| 186|0x000000070d000000, 0x000000070d000000, 0x000000070d100000|  0%| F|  |TAMS 0x000000070d000000, 0x000000070d000000| Untracked 
| 187|0x000000070d100000, 0x000000070d100000, 0x000000070d200000|  0%| F|  |TAMS 0x000000070d100000, 0x000000070d100000| Untracked 
| 188|0x000000070d200000, 0x000000070d200000, 0x000000070d300000|  0%| F|  |TAMS 0x000000070d200000, 0x000000070d200000| Untracked 
| 189|0x000000070d300000, 0x000000070d300000, 0x000000070d400000|  0%| F|  |TAMS 0x000000070d300000, 0x000000070d300000| Untracked 
| 190|0x000000070d400000, 0x000000070d400000, 0x000000070d500000|  0%| F|  |TAMS 0x000000070d400000, 0x000000070d400000| Untracked 
| 191|0x000000070d500000, 0x000000070d500000, 0x000000070d600000|  0%| F|  |TAMS 0x000000070d500000, 0x000000070d500000| Untracked 
| 192|0x000000070d600000, 0x000000070d600000, 0x000000070d700000|  0%| F|  |TAMS 0x000000070d600000, 0x000000070d600000| Untracked 
| 193|0x000000070d700000, 0x000000070d700000, 0x000000070d800000|  0%| F|  |TAMS 0x000000070d700000, 0x000000070d700000| Untracked 
| 194|0x000000070d800000, 0x000000070d800000, 0x000000070d900000|  0%| F|  |TAMS 0x000000070d800000, 0x000000070d800000| Untracked 
| 195|0x000000070d900000, 0x000000070d900000, 0x000000070da00000|  0%| F|  |TAMS 0x000000070d900000, 0x000000070d900000| Untracked 
| 196|0x000000070da00000, 0x000000070da00000, 0x000000070db00000|  0%| F|  |TAMS 0x000000070da00000, 0x000000070da00000| Untracked 
| 197|0x000000070db00000, 0x000000070db00000, 0x000000070dc00000|  0%| F|  |TAMS 0x000000070db00000, 0x000000070db00000| Untracked 
| 198|0x000000070dc00000, 0x000000070dc00000, 0x000000070dd00000|  0%| F|  |TAMS 0x000000070dc00000, 0x000000070dc00000| Untracked 
| 199|0x000000070dd00000, 0x000000070dd00000, 0x000000070de00000|  0%| F|  |TAMS 0x000000070dd00000, 0x000000070dd00000| Untracked 
| 200|0x000000070de00000, 0x000000070de00000, 0x000000070df00000|  0%| F|  |TAMS 0x000000070de00000, 0x000000070de00000| Untracked 
| 201|0x000000070df00000, 0x000000070df00000, 0x000000070e000000|  0%| F|  |TAMS 0x000000070df00000, 0x000000070df00000| Untracked 
| 202|0x000000070e000000, 0x000000070e000000, 0x000000070e100000|  0%| F|  |TAMS 0x000000070e000000, 0x000000070e000000| Untracked 
| 203|0x000000070e100000, 0x000000070e100000, 0x000000070e200000|  0%| F|  |TAMS 0x000000070e100000, 0x000000070e100000| Untracked 
| 204|0x000000070e200000, 0x000000070e200000, 0x000000070e300000|  0%| F|  |TAMS 0x000000070e200000, 0x000000070e200000| Untracked 
| 205|0x000000070e300000, 0x000000070e300000, 0x000000070e400000|  0%| F|  |TAMS 0x000000070e300000, 0x000000070e300000| Untracked 
| 206|0x000000070e400000, 0x000000070e400000, 0x000000070e500000|  0%| F|  |TAMS 0x000000070e400000, 0x000000070e400000| Untracked 
| 207|0x000000070e500000, 0x000000070e500000, 0x000000070e600000|  0%| F|  |TAMS 0x000000070e500000, 0x000000070e500000| Untracked 
| 208|0x000000070e600000, 0x000000070e600000, 0x000000070e700000|  0%| F|  |TAMS 0x000000070e600000, 0x000000070e600000| Untracked 
| 209|0x000000070e700000, 0x000000070e700000, 0x000000070e800000|  0%| F|  |TAMS 0x000000070e700000, 0x000000070e700000| Untracked 
| 210|0x000000070e800000, 0x000000070e800000, 0x000000070e900000|  0%| F|  |TAMS 0x000000070e800000, 0x000000070e800000| Untracked 
| 211|0x000000070e900000, 0x000000070e900000, 0x000000070ea00000|  0%| F|  |TAMS 0x000000070e900000, 0x000000070e900000| Untracked 
| 212|0x000000070ea00000, 0x000000070ea00000, 0x000000070eb00000|  0%| F|  |TAMS 0x000000070ea00000, 0x000000070ea00000| Untracked 
| 213|0x000000070eb00000, 0x000000070eb00000, 0x000000070ec00000|  0%| F|  |TAMS 0x000000070eb00000, 0x000000070eb00000| Untracked 
| 214|0x000000070ec00000, 0x000000070ec00000, 0x000000070ed00000|  0%| F|  |TAMS 0x000000070ec00000, 0x000000070ec00000| Untracked 
| 215|0x000000070ed00000, 0x000000070ed00000, 0x000000070ee00000|  0%| F|  |TAMS 0x000000070ed00000, 0x000000070ed00000| Untracked 
| 216|0x000000070ee00000, 0x000000070ee00000, 0x000000070ef00000|  0%| F|  |TAMS 0x000000070ee00000, 0x000000070ee00000| Untracked 
| 217|0x000000070ef00000, 0x000000070ef00000, 0x000000070f000000|  0%| F|  |TAMS 0x000000070ef00000, 0x000000070ef00000| Untracked 
| 218|0x000000070f000000, 0x000000070f000000, 0x000000070f100000|  0%| F|  |TAMS 0x000000070f000000, 0x000000070f000000| Untracked 
| 219|0x000000070f100000, 0x000000070f100000, 0x000000070f200000|  0%| F|  |TAMS 0x000000070f100000, 0x000000070f100000| Untracked 
| 220|0x000000070f200000, 0x000000070f200000, 0x000000070f300000|  0%| F|  |TAMS 0x000000070f200000, 0x000000070f200000| Untracked 
| 221|0x000000070f300000, 0x000000070f300000, 0x000000070f400000|  0%| F|  |TAMS 0x000000070f300000, 0x000000070f300000| Untracked 
| 222|0x000000070f400000, 0x000000070f400000, 0x000000070f500000|  0%| F|  |TAMS 0x000000070f400000, 0x000000070f400000| Untracked 
| 223|0x000000070f500000, 0x000000070f500000, 0x000000070f600000|  0%| F|  |TAMS 0x000000070f500000, 0x000000070f500000| Untracked 
| 224|0x000000070f600000, 0x000000070f600000, 0x000000070f700000|  0%| F|  |TAMS 0x000000070f600000, 0x000000070f600000| Untracked 
| 225|0x000000070f700000, 0x000000070f700000, 0x000000070f800000|  0%| F|  |TAMS 0x000000070f700000, 0x000000070f700000| Untracked 
| 226|0x000000070f800000, 0x000000070f800000, 0x000000070f900000|  0%| F|  |TAMS 0x000000070f800000, 0x000000070f800000| Untracked 
| 227|0x000000070f900000, 0x000000070f900000, 0x000000070fa00000|  0%| F|  |TAMS 0x000000070f900000, 0x000000070f900000| Untracked 
| 228|0x000000070fa00000, 0x000000070fa00000, 0x000000070fb00000|  0%| F|  |TAMS 0x000000070fa00000, 0x000000070fa00000| Untracked 
| 229|0x000000070fb00000, 0x000000070fb00000, 0x000000070fc00000|  0%| F|  |TAMS 0x000000070fb00000, 0x000000070fb00000| Untracked 
| 230|0x000000070fc00000, 0x000000070fc00000, 0x000000070fd00000|  0%| F|  |TAMS 0x000000070fc00000, 0x000000070fc00000| Untracked 
| 231|0x000000070fd00000, 0x000000070fd00000, 0x000000070fe00000|  0%| F|  |TAMS 0x000000070fd00000, 0x000000070fd00000| Untracked 
| 232|0x000000070fe00000, 0x000000070fe00000, 0x000000070ff00000|  0%| F|  |TAMS 0x000000070fe00000, 0x000000070fe00000| Untracked 
| 233|0x000000070ff00000, 0x000000070ff00000, 0x0000000710000000|  0%| F|  |TAMS 0x000000070ff00000, 0x000000070ff00000| Untracked 
| 234|0x0000000710000000, 0x0000000710000000, 0x0000000710100000|  0%| F|  |TAMS 0x0000000710000000, 0x0000000710000000| Untracked 
| 235|0x0000000710100000, 0x0000000710100000, 0x0000000710200000|  0%| F|  |TAMS 0x0000000710100000, 0x0000000710100000| Untracked 
| 236|0x0000000710200000, 0x0000000710200000, 0x0000000710300000|  0%| F|  |TAMS 0x0000000710200000, 0x0000000710200000| Untracked 
| 237|0x0000000710300000, 0x0000000710300000, 0x0000000710400000|  0%| F|  |TAMS 0x0000000710300000, 0x0000000710300000| Untracked 
| 238|0x0000000710400000, 0x0000000710400000, 0x0000000710500000|  0%| F|  |TAMS 0x0000000710400000, 0x0000000710400000| Untracked 
| 239|0x0000000710500000, 0x0000000710500000, 0x0000000710600000|  0%| F|  |TAMS 0x0000000710500000, 0x0000000710500000| Untracked 
| 240|0x0000000710600000, 0x0000000710600000, 0x0000000710700000|  0%| F|  |TAMS 0x0000000710600000, 0x0000000710600000| Untracked 
| 241|0x0000000710700000, 0x0000000710700000, 0x0000000710800000|  0%| F|  |TAMS 0x0000000710700000, 0x0000000710700000| Untracked 
| 242|0x0000000710800000, 0x0000000710800000, 0x0000000710900000|  0%| F|  |TAMS 0x0000000710800000, 0x0000000710800000| Untracked 
| 243|0x0000000710900000, 0x0000000710900000, 0x0000000710a00000|  0%| F|  |TAMS 0x0000000710900000, 0x0000000710900000| Untracked 
| 244|0x0000000710a00000, 0x0000000710a00000, 0x0000000710b00000|  0%| F|  |TAMS 0x0000000710a00000, 0x0000000710a00000| Untracked 
| 245|0x0000000710b00000, 0x0000000710b00000, 0x0000000710c00000|  0%| F|  |TAMS 0x0000000710b00000, 0x0000000710b00000| Untracked 
| 246|0x0000000710c00000, 0x0000000710c00000, 0x0000000710d00000|  0%| F|  |TAMS 0x0000000710c00000, 0x0000000710c00000| Untracked 
| 247|0x0000000710d00000, 0x0000000710d00000, 0x0000000710e00000|  0%| F|  |TAMS 0x0000000710d00000, 0x0000000710d00000| Untracked 
| 248|0x0000000710e00000, 0x0000000710e00000, 0x0000000710f00000|  0%| F|  |TAMS 0x0000000710e00000, 0x0000000710e00000| Untracked 
| 249|0x0000000710f00000, 0x0000000710f00000, 0x0000000711000000|  0%| F|  |TAMS 0x0000000710f00000, 0x0000000710f00000| Untracked 
| 250|0x0000000711000000, 0x0000000711000000, 0x0000000711100000|  0%| F|  |TAMS 0x0000000711000000, 0x0000000711000000| Untracked 
| 251|0x0000000711100000, 0x00000007111ec0b0, 0x0000000711200000| 92%| E|  |TAMS 0x0000000711100000, 0x0000000711100000| Complete 
| 252|0x0000000711200000, 0x0000000711300000, 0x0000000711300000|100%| E|CS|TAMS 0x0000000711200000, 0x0000000711200000| Complete 
| 253|0x0000000711300000, 0x0000000711400000, 0x0000000711400000|100%| E|CS|TAMS 0x0000000711300000, 0x0000000711300000| Complete 
| 254|0x0000000711400000, 0x0000000711500000, 0x0000000711500000|100%| E|CS|TAMS 0x0000000711400000, 0x0000000711400000| Complete 
| 255|0x0000000711500000, 0x0000000711600000, 0x0000000711600000|100%| E|CS|TAMS 0x0000000711500000, 0x0000000711500000| Complete 

Card table byte_map: [0x000001b353100000,0x000001b353900000] _byte_map_base: 0x000001b34f8f5000

Marking Bits (Prev, Next): (CMBitMap*) 0x000001b33da56f58, (CMBitMap*) 0x000001b33da56f98
 Prev Bits: [0x000001b354100000, 0x000001b3580a8000)
 Next Bits: [0x000001b3580b0000, 0x000001b35c058000)

Polling page: 0x000001b33dac0000

Metaspace:

Usage:
  Non-class:      8.13 MB capacity,     8.07 MB (>99%) used,    49.59 KB ( <1%) free+waste,     6.88 KB ( <1%) overhead. 
      Class:    836.00 KB capacity,   802.34 KB ( 96%) used,    31.04 KB (  4%) free+waste,     2.63 KB ( <1%) overhead. 
       Both:      8.95 MB capacity,     8.86 MB (>99%) used,    80.63 KB ( <1%) free+waste,     9.50 KB ( <1%) overhead. 

Virtual space:
  Non-class space:       10.00 MB reserved,       8.25 MB ( 83%) committed 
      Class space:        1.00 GB reserved,     896.00 KB ( <1%) committed 
             Both:        1.01 GB reserved,       9.13 MB ( <1%) committed 

Chunk freelists:
   Non-Class:  60.00 KB
       Class:  28.00 KB
        Both:  88.00 KB

MaxMetaspaceSize: 17179869184.00 GB
CompressedClassSpaceSize: 1.00 GB

CodeHeap 'non-profiled nmethods': size=120000Kb used=125Kb max_used=125Kb free=119874Kb
 bounds [0x000001b34a970000, 0x000001b34abe0000, 0x000001b351ea0000]
CodeHeap 'profiled nmethods': size=120000Kb used=576Kb max_used=576Kb free=119423Kb
 bounds [0x000001b343440000, 0x000001b3436b0000, 0x000001b34a970000]
CodeHeap 'non-nmethods': size=5760Kb used=1227Kb max_used=1243Kb free=4532Kb
 bounds [0x000001b342ea0000, 0x000001b343110000, 0x000001b343440000]
 total_blobs=786 nmethods=398 adapters=301
 compilation: enabled
              stopped_count=0, restarted_count=0
 full_count=0

Compilation events (20 events):
Event: 0.382 Thread 0x000001b35f51b000 nmethod 391 0x000001b3434cdd10 code [0x000001b3434cdee0, 0x000001b3434ce218]
Event: 0.383 Thread 0x000001b35f51a000 nmethod 369% 0x000001b34a98cd90 code [0x000001b34a98d000, 0x000001b34a98df38]
Event: 0.383 Thread 0x000001b35f51a000  372 %     4       java.lang.StringLatin1::lastIndexOf @ 18 (40 bytes)
Event: 0.384 Thread 0x000001b35f51b000  393       3       java.lang.Character::toLowerCase (9 bytes)
Event: 0.384 Thread 0x000001b35f51b000 nmethod 393 0x000001b3434ce310 code [0x000001b3434ce4c0, 0x000001b3434ce698]
Event: 0.387 Thread 0x000001b35f51a000 nmethod 372% 0x000001b34a98e290 code [0x000001b34a98e440, 0x000001b34a98e718]
Event: 0.387 Thread 0x000001b35f51a000  392       4       sun.security.provider.SHA2::implCompress0 (322 bytes)
Event: 0.407 Thread 0x000001b35f51a000 nmethod 392 0x000001b34a98e810 code [0x000001b34a98ea20, 0x000001b34a98f4f8]
Event: 23.694 Thread 0x000001b35f51b000  394       3       org.eclipse.jdt.launching.internal.org.objectweb.asm.ClassReader::readUnsignedShort (26 bytes)
Event: 23.694 Thread 0x000001b35f51b000 nmethod 394 0x000001b3434ce790 code [0x000001b3434ce920, 0x000001b3434cea98]
Event: 30.158 Thread 0x000001b35f51b000  395       3       java.lang.String::<init> (74 bytes)
Event: 30.160 Thread 0x000001b35f51b000 

Event: 30.160 Thread 0x000001b35f51b000  396       3       java.lang.StringUTF16::compress (20 bytes)
Event: 30.161 Thread 0x000001b35f51b000 nmethod 396 0x000001b3434ceb90 code [0x000001b3434ced40, 0x000001b3434cef68]
Event: 30.161 Thread 0x000001b35f51b000  397       3       org.eclipse.jdt.launching.internal.org.objectweb.asm.ClassReader::readUtf (44 bytes)
Event: 30.161 Thread 0x000001b35f51b000 nmethod 397 0x000001b3434cf010 code [0x000001b3434cf1e0, 0x000001b3434cf6a8]
Event: 96.439 Thread 0x000001b35f51b000  398       3       org.eclipse.jdt.launching.internal.org.objectweb.asm.ClassReader::getItem (7 bytes)
Event: 96.439 Thread 0x000001b35f51b000 nmethod 398 0x000001b3434cf910 code [0x000001b3434cfaa0, 0x000001b3434cfbd8]
Event: 183.700 Thread 0x000001b35f51b000  399       3       org.eclipse.jdt.launching.internal.org.objectweb.asm.Symbol::<init> (38 bytes)
Event: 183.700 Thread 0x000001b35f51b000 nmethod 399 0x000001b3434cfc90 code [0x000001b3434cfe40, 0x000001b3434d00d8]

GC Heap History (0 events):
No events

Deoptimization events (20 events):
Event: 0.370 Thread 0x000001b33d9eb000 DEOPT PACKING pc=0x000001b3434b5eed sp=0x00000015f89f80f0
Event: 0.370 Thread 0x000001b33d9eb000 DEOPT UNPACKING pc=0x000001b342ee964e sp=0x00000015f89f75b8 mode 0
Event: 0.372 Thread 0x000001b33d9eb000 DEOPT PACKING pc=0x000001b3434b5eed sp=0x00000015f89fbce0
Event: 0.372 Thread 0x000001b33d9eb000 DEOPT UNPACKING pc=0x000001b342ee964e sp=0x00000015f89fb1a8 mode 0
Event: 0.372 Thread 0x000001b33d9eb000 DEOPT PACKING pc=0x000001b3434b5eed sp=0x00000015f89fbce0
Event: 0.372 Thread 0x000001b33d9eb000 DEOPT UNPACKING pc=0x000001b342ee964e sp=0x00000015f89fb1a8 mode 0
Event: 0.372 Thread 0x000001b33d9eb000 DEOPT PACKING pc=0x000001b3434b5eed sp=0x00000015f89fbce0
Event: 0.372 Thread 0x000001b33d9eb000 DEOPT UNPACKING pc=0x000001b342ee964e sp=0x00000015f89fb1a8 mode 0
Event: 0.377 Thread 0x000001b33d9eb000 DEOPT PACKING pc=0x000001b3434b5eed sp=0x00000015f89fbce0
Event: 0.377 Thread 0x000001b33d9eb000 DEOPT UNPACKING pc=0x000001b342ee964e sp=0x00000015f89fb1a8 mode 0
Event: 0.383 Thread 0x000001b33d9eb000 DEOPT PACKING pc=0x000001b3434b5eed sp=0x00000015f89f7df0
Event: 0.383 Thread 0x000001b33d9eb000 DEOPT UNPACKING pc=0x000001b342ee964e sp=0x00000015f89f72b8 mode 0
Event: 0.383 Thread 0x000001b33d9eb000 DEOPT PACKING pc=0x000001b3434b5eed sp=0x00000015f89f7df0
Event: 0.383 Thread 0x000001b33d9eb000 DEOPT UNPACKING pc=0x000001b342ee964e sp=0x00000015f89f72b8 mode 0
Event: 0.383 Thread 0x000001b33d9eb000 DEOPT PACKING pc=0x000001b3434b5eed sp=0x00000015f89f7df0
Event: 0.383 Thread 0x000001b33d9eb000 DEOPT UNPACKING pc=0x000001b342ee964e sp=0x00000015f89f72b8 mode 0
Event: 0.383 Thread 0x000001b33d9eb000 DEOPT PACKING pc=0x000001b3434b5eed sp=0x00000015f89f7df0
Event: 0.383 Thread 0x000001b33d9eb000 DEOPT UNPACKING pc=0x000001b342ee964e sp=0x00000015f89f72b8 mode 0
Event: 0.384 Thread 0x000001b33d9eb000 DEOPT PACKING pc=0x000001b3434b5cb8 sp=0x00000015f89f7df0
Event: 0.384 Thread 0x000001b33d9eb000 DEOPT UNPACKING pc=0x000001b342ee964e sp=0x00000015f89f72b8 mode 0

Classes unloaded (0 events):
No events

Classes redefined (4 events):
Event: 12.292 Thread 0x000001b35ebed800 redefined class name=array.MorningCode, count=1
Event: 23.695 Thread 0x000001b35ebed800 redefined class name=array.MorningCode, count=2
Event: 30.159 Thread 0x000001b35ebed800 redefined class name=array.MorningCode, count=3
Event: 96.439 Thread 0x000001b35ebed800 redefined class name=array.MorningCode, count=4

Internal exceptions (0 events):
No events

Events (20 events):
Event: 133.435 Executing VM operation: GetCurrentContendedMonitor done
Event: 133.435 Executing VM operation: GetOwnedMonitorInfo
Event: 133.435 Executing VM operation: GetOwnedMonitorInfo done
Event: 134.581 Executing VM operation: GetCurrentContendedMonitor
Event: 134.581 Executing VM operation: GetCurrentContendedMonitor done
Event: 134.581 Executing VM operation: GetOwnedMonitorInfo
Event: 134.582 Executing VM operation: GetOwnedMonitorInfo done
Event: 134.589 Executing VM operation: GetCurrentContendedMonitor
Event: 134.589 Executing VM operation: GetCurrentContendedMonitor done
Event: 134.590 Executing VM operation: GetOwnedMonitorInfo
Event: 134.590 Executing VM operation: GetOwnedMonitorInfo done
Event: 137.380 Executing VM operation: GetCurrentContendedMonitor
Event: 137.381 Executing VM operation: GetCurrentContendedMonitor done
Event: 137.381 Executing VM operation: GetOwnedMonitorInfo
Event: 137.381 Executing VM operation: GetOwnedMonitorInfo done
Event: 137.389 Executing VM operation: GetCurrentContendedMonitor
Event: 137.389 Executing VM operation: GetCurrentContendedMonitor done
Event: 137.389 Executing VM operation: GetOwnedMonitorInfo
Event: 137.389 Executing VM operation: GetOwnedMonitorInfo done
Event: 183.700 Executing VM operation: RedefineClasses


Dynamic libraries:
0x00007ff6d9140000 - 0x00007ff6d914d000 	C:\Users\admin\.p2\pool\plugins\org.eclipse.justj.openjdk.hotspot.jre.full.win32.x86_64_14.0.2.v20200815-0932\jre\bin\javaw.exe
0x00007ffd75500000 - 0x00007ffd756f0000 	C:\Windows\SYSTEM32\ntdll.dll
0x00007ffd750f0000 - 0x00007ffd751a2000 	C:\Windows\System32\KERNEL32.DLL
0x00007ffd72530000 - 0x00007ffd727d5000 	C:\Windows\System32\KERNELBASE.dll
0x00007ffd73460000 - 0x00007ffd7355a000 	C:\Windows\System32\ucrtbase.dll
0x00007ffd62da0000 - 0x00007ffd62db5000 	C:\Users\admin\.p2\pool\plugins\org.eclipse.justj.openjdk.hotspot.jre.full.win32.x86_64_14.0.2.v20200815-0932\jre\bin\VCRUNTIME140.dll
0x00007ffd6cee0000 - 0x00007ffd6cef8000 	C:\Users\admin\.p2\pool\plugins\org.eclipse.justj.openjdk.hotspot.jre.full.win32.x86_64_14.0.2.v20200815-0932\jre\bin\jli.dll
0x00007ffd74120000 - 0x00007ffd742b4000 	C:\Windows\System32\USER32.dll
0x00007ffd72980000 - 0x00007ffd729a1000 	C:\Windows\System32\win32u.dll
0x00007ffd67440000 - 0x00007ffd676c4000 	C:\Windows\WinSxS\amd64_microsoft.windows.common-controls_6595b64144ccf1df_6.0.18362.1198_none_9e820b57e45ad92f\COMCTL32.dll
0x00007ffd73660000 - 0x00007ffd73686000 	C:\Windows\System32\GDI32.dll
0x00007ffd75420000 - 0x00007ffd754be000 	C:\Windows\System32\msvcrt.dll
0x00007ffd727e0000 - 0x00007ffd72976000 	C:\Windows\System32\gdi32full.dll
0x00007ffd74bc0000 - 0x00007ffd74ef5000 	C:\Windows\System32\combase.dll
0x00007ffd729d0000 - 0x00007ffd72a6e000 	C:\Windows\System32\msvcp_win.dll
0x00007ffd75280000 - 0x00007ffd753a0000 	C:\Windows\System32\RPCRT4.dll
0x00007ffd72bc0000 - 0x00007ffd72c40000 	C:\Windows\System32\bcryptPrimitives.dll
0x00007ffd74420000 - 0x00007ffd7444e000 	C:\Windows\System32\IMM32.DLL
0x00007ffd64140000 - 0x00007ffd641db000 	C:\Users\admin\.p2\pool\plugins\org.eclipse.justj.openjdk.hotspot.jre.full.win32.x86_64_14.0.2.v20200815-0932\jre\bin\msvcp140.dll
0x00007ffd49e60000 - 0x00007ffd4a97e000 	C:\Users\admin\.p2\pool\plugins\org.eclipse.justj.openjdk.hotspot.jre.full.win32.x86_64_14.0.2.v20200815-0932\jre\bin\server\jvm.dll
0x00007ffd735b0000 - 0x00007ffd73653000 	C:\Windows\System32\ADVAPI32.dll
0x00007ffd74f10000 - 0x00007ffd74fa7000 	C:\Windows\System32\sechost.dll
0x00007ffd74b40000 - 0x00007ffd74b48000 	C:\Windows\System32\PSAPI.DLL
0x00007ffd683a0000 - 0x00007ffd683a9000 	C:\Windows\SYSTEM32\WSOCK32.dll
0x00007ffd697f0000 - 0x00007ffd69814000 	C:\Windows\SYSTEM32\WINMM.dll
0x00007ffd6a8c0000 - 0x00007ffd6a8ca000 	C:\Windows\SYSTEM32\VERSION.dll
0x00007ffd73890000 - 0x00007ffd738ff000 	C:\Windows\System32\WS2_32.dll
0x00007ffd697c0000 - 0x00007ffd697ed000 	C:\Windows\SYSTEM32\winmmbase.dll
0x00007ffd73560000 - 0x00007ffd735aa000 	C:\Windows\System32\cfgmgr32.dll
0x00007ffd72410000 - 0x00007ffd72421000 	C:\Windows\System32\kernel.appcore.dll
0x00007ffd6ef50000 - 0x00007ffd6ef5a000 	C:\Users\admin\.p2\pool\plugins\org.eclipse.justj.openjdk.hotspot.jre.full.win32.x86_64_14.0.2.v20200815-0932\jre\bin\jimage.dll
0x00007ffd6e260000 - 0x00007ffd6e454000 	C:\Windows\SYSTEM32\DBGHELP.DLL
0x00007ffd6dda0000 - 0x00007ffd6ddca000 	C:\Windows\SYSTEM32\dbgcore.DLL
0x00007ffd67230000 - 0x00007ffd67268000 	C:\Users\admin\.p2\pool\plugins\org.eclipse.justj.openjdk.hotspot.jre.full.win32.x86_64_14.0.2.v20200815-0932\jre\bin\jdwp.dll
0x00007ffd606b0000 - 0x00007ffd606d5000 	C:\Users\admin\.p2\pool\plugins\org.eclipse.justj.openjdk.hotspot.jre.full.win32.x86_64_14.0.2.v20200815-0932\jre\bin\java.dll
0x00007ffd6f120000 - 0x00007ffd6f12e000 	C:\Users\admin\.p2\pool\plugins\org.eclipse.justj.openjdk.hotspot.jre.full.win32.x86_64_14.0.2.v20200815-0932\jre\bin\instrument.dll
0x00007ffd60750000 - 0x00007ffd60766000 	C:\Users\admin\.p2\pool\plugins\org.eclipse.justj.openjdk.hotspot.jre.full.win32.x86_64_14.0.2.v20200815-0932\jre\bin\zip.dll
0x00007ffd74450000 - 0x00007ffd74b37000 	C:\Windows\System32\SHELL32.dll
0x00007ffd73dd0000 - 0x00007ffd73e79000 	C:\Windows\System32\shcore.dll
0x00007ffd72c40000 - 0x00007ffd733c1000 	C:\Windows\System32\windows.storage.dll
0x00007ffd723c0000 - 0x00007ffd723e3000 	C:\Windows\System32\profapi.dll
0x00007ffd72430000 - 0x00007ffd7247a000 	C:\Windows\System32\powrprof.dll
0x00007ffd723b0000 - 0x00007ffd723c0000 	C:\Windows\System32\UMPDC.dll
0x00007ffd740c0000 - 0x00007ffd74112000 	C:\Windows\System32\shlwapi.dll
0x00007ffd729b0000 - 0x00007ffd729c7000 	C:\Windows\System32\cryptsp.dll
0x00007ffd6ced0000 - 0x00007ffd6cedb000 	C:\Users\admin\.p2\pool\plugins\org.eclipse.justj.openjdk.hotspot.jre.full.win32.x86_64_14.0.2.v20200815-0932\jre\bin\dt_socket.dll
0x00007ffd718b0000 - 0x00007ffd718ea000 	C:\Windows\SYSTEM32\IPHLPAPI.DLL
0x00007ffd71ba0000 - 0x00007ffd71c07000 	C:\Windows\system32\mswsock.dll
0x00007ffd718f0000 - 0x00007ffd719bb000 	C:\Windows\SYSTEM32\DNSAPI.dll
0x00007ffd74f00000 - 0x00007ffd74f08000 	C:\Windows\System32\NSI.dll
0x00007ffd6bce0000 - 0x00007ffd6bcea000 	C:\Windows\System32\rasadhlp.dll
0x00007ffd6cf40000 - 0x00007ffd6cfb7000 	C:\Windows\System32\fwpuclnt.dll
0x00007ffd733d0000 - 0x00007ffd733f6000 	C:\Windows\System32\bcrypt.dll
0x00007ffd5e050000 - 0x00007ffd5e069000 	C:\Users\admin\.p2\pool\plugins\org.eclipse.justj.openjdk.hotspot.jre.full.win32.x86_64_14.0.2.v20200815-0932\jre\bin\net.dll
0x00007ffd6c220000 - 0x00007ffd6c310000 	C:\Windows\SYSTEM32\WINHTTP.dll
0x00007ffd5d810000 - 0x00007ffd5d822000 	C:\Users\admin\.p2\pool\plugins\org.eclipse.justj.openjdk.hotspot.jre.full.win32.x86_64_14.0.2.v20200815-0932\jre\bin\nio.dll
0x00007ffd6cd00000 - 0x00007ffd6cd10000 	C:\Users\admin\.p2\pool\plugins\org.eclipse.justj.openjdk.hotspot.jre.full.win32.x86_64_14.0.2.v20200815-0932\jre\bin\verify.dll

dbghelp: loaded successfully - version: 4.0.5 - missing functions: none
symbol engine: initialized successfully - sym options: 0x614 - pdb path: .;C:\Users\admin\.p2\pool\plugins\org.eclipse.justj.openjdk.hotspot.jre.full.win32.x86_64_14.0.2.v20200815-0932\jre\bin;C:\Windows\SYSTEM32;C:\Windows\WinSxS\amd64_microsoft.windows.common-controls_6595b64144ccf1df_6.0.18362.1198_none_9e820b57e45ad92f;C:\Users\admin\.p2\pool\plugins\org.eclipse.justj.openjdk.hotspot.jre.full.win32.x86_64_14.0.2.v20200815-0932\jre\bin\server

VM Arguments:
jvm_args: -XX:+ShowCodeDetailsInExceptionMessages -agentlib:jdwp=transport=dt_socket,suspend=y,address=localhost:56354 -javaagent:C:\Dev\eclipse\configuration\org.eclipse.osgi\406\0\.cp\lib\javaagent-shaded.jar -Dfile.encoding=UTF-8 
java_command: array.MorningCode
java_class_path (initial): C:\Users\admin\git\repository\variable\bin
Launcher Type: SUN_STANDARD

[Global flags]
     intx CICompilerCount                          = 4                                         {product} {ergonomic}
     uint ConcGCThreads                            = 2                                         {product} {ergonomic}
     uint G1ConcRefinementThreads                  = 8                                         {product} {ergonomic}
   size_t G1HeapRegionSize                         = 1048576                                   {product} {ergonomic}
    uintx GCDrainStackTargetSize                   = 64                                        {product} {ergonomic}
   size_t InitialHeapSize                          = 268435456                                 {product} {ergonomic}
   size_t MarkStackSize                            = 4194304                                   {product} {ergonomic}
   size_t MaxHeapSize                              = 4271898624                                {product} {ergonomic}
   size_t MaxNewSize                               = 2562719744                                {product} {ergonomic}
   size_t MinHeapDeltaBytes                        = 1048576                                   {product} {ergonomic}
   size_t MinHeapSize                              = 8388608                                   {product} {ergonomic}
    uintx NonNMethodCodeHeapSize                   = 5839372                                {pd product} {ergonomic}
    uintx NonProfiledCodeHeapSize                  = 122909434                              {pd product} {ergonomic}
    uintx ProfiledCodeHeapSize                     = 122909434                              {pd product} {ergonomic}
    uintx ReservedCodeCacheSize                    = 251658240                              {pd product} {ergonomic}
     bool SegmentedCodeCache                       = true                                      {product} {ergonomic}
     bool ShowCodeDetailsInExceptionMessages       = true                                   {manageable} {command line}
   size_t SoftMaxHeapSize                          = 4271898624                             {manageable} {ergonomic}
     bool UseCompressedClassPointers               = true                                 {lp64_product} {ergonomic}
     bool UseCompressedOops                        = true                                 {lp64_product} {ergonomic}
     bool UseG1GC                                  = true                                      {product} {ergonomic}
     bool UseLargePagesIndividualAllocation        = false                                  {pd product} {ergonomic}

Logging:
Log output configuration:
 #0: stdout all=warning uptime,level,tags
 #1: stderr all=off uptime,level,tags

Environment Variables:
PATH=C:\Users\admin\.p2\pool\plugins\org.eclipse.justj.openjdk.hotspot.jre.full.win32.x86_64_14.0.2.v20200815-0932\jre\bin;C:/Users/admin/.p2/pool/plugins/org.eclipse.justj.openjdk.hotspot.jre.full.win32.x86_64_14.0.2.v20200815-0932/jre/bin/server;C:/Users/admin/.p2/pool/plugins/org.eclipse.justj.openjdk.hotspot.jre.full.win32.x86_64_14.0.2.v20200815-0932/jre/bin;C:\Program Files (x86)\Common Files\Oracle\Java\javapath;C:\oraclexe\app\oracle\product\11.2.0\server\bin;;C:\Windows\system32;C:\Windows;C:\Windows\System32\Wbem;C:\Windows\System32\WindowsPowerShell\v1.0\;C:\Windows\System32\OpenSSH\;C:\Users\admin\AppData\Local\Microsoft\WindowsApps;C:\Program Files\Bandizip\;C:\Program Files\Java\jdk1.8.0_271\bin;;C:\Users\admin\Desktop;
USERNAME=admin
OS=Windows_NT
PROCESSOR_IDENTIFIER=Intel64 Family 6 Model 42 Stepping 7, GenuineIntel



---------------  S Y S T E M  ---------------

OS: Windows 10 , 64 bit Build 18362 (10.0.18362.1110)
OS uptime: 6 days 0:45 hours

CPU:total 8 (initial active 8) (4 cores per cpu, 2 threads per core) family 6 model 42 stepping 7, cmov, cx8, fxsr, mmx, sse, sse2, sse3, ssse3, sse4.1, sse4.2, popcnt, avx, aes, clmul, ht, tsc, tscinvbit

Memory: 4k page, system-wide physical 16295M (12800M free)
TotalPageFile size 18727M (AvailPageFile size 12871M)
current process WorkingSet (physical memory assigned to process): 46M, peak: 48M
current process commit charge ("private bytes"): 345M, peak: 346M

vm_info: OpenJDK 64-Bit Server VM (14.0.2+12-46) for windows-amd64 JRE (14.0.2+12-46), built on Jul  9 2020 00:31:16 by "mach5one" with MS VC++ 15.9 (VS2017)

END.
